<?xml version="1.0" encoding="UTF-8"?>
<testng-results skipped="0" failed="0" ignored="0" total="1" passed="1">
  <reporter-output>
  </reporter-output>
  <suite name="Default suite" duration-ms="53401" started-at="2021-07-05T16:53:48 IST" finished-at="2021-07-05T16:54:42 IST">
    <groups>
    </groups>
    <test name="Default test" duration-ms="53401" started-at="2021-07-05T16:53:48 IST" finished-at="2021-07-05T16:54:42 IST">
      <class name="Vaccination.UMANG.SLOT">
        <test-method status="PASS" signature="beforeTest()[pri:0, instance:Vaccination.UMANG.SLOT@3b088d51]" name="beforeTest" is-config="true" duration-ms="3798" started-at="2021-07-05T16:53:48 IST" finished-at="2021-07-05T16:53:52 IST">
          <reporter-output>
          </reporter-output>
        </test-method> <!-- beforeTest -->
        <test-method status="PASS" signature="Check_Slot()[pri:0, instance:Vaccination.UMANG.SLOT@3b088d51]" name="Check_Slot" duration-ms="49515" started-at="2021-07-05T16:53:52 IST" finished-at="2021-07-05T16:54:42 IST">
          <reporter-output>
          </reporter-output>
        </test-method> <!-- Check_Slot -->
      </class> <!-- Vaccination.UMANG.SLOT -->
    </test> <!-- Default test -->
  </suite> <!-- Default suite -->
</testng-results>
